# JRE version: OpenJDK Runtime Environment (8.0_111-b14) (build 1.8.0_111-8u111-b14-2ubuntu0.16.10.2-b14)
# Java VM: OpenJDK 64-Bit Server VM (25.111-b14 mixed mode linux-amd64 compressed oops)
Heap:
 PSYoungGen      total 113664K, used 26610K [0x00000000f8000000, 0x00000000ff580000, 0x0000000100000000)
  eden space 113152K, 23% used [0x00000000f8000000,0x00000000f99fca08,0x00000000fee80000)
  from space 512K, 0% used [0x00000000fee80000,0x00000000fee80000,0x00000000fef00000)
  to   space 3584K, 0% used [0x00000000ff200000,0x00000000ff200000,0x00000000ff580000)
 ParOldGen       total 90112K, used 38851K [0x00000000e8000000, 0x00000000ed800000, 0x00000000f8000000)
  object space 90112K, 43% used [0x00000000e8000000,0x00000000ea5f0d30,0x00000000ed800000)
 Metaspace       used 98585K, capacity 104968K, committed 105176K, reserved 1142784K
  class space    used 10901K, capacity 12699K, committed 12760K, reserved 1048576K
GC Heap History (10 events):
Event: 5483.446 GC heap before
{Heap before GC invocations=205 (full 92):
 PSYoungGen      total 116736K, used 1736K [0x00000000f8000000, 0x00000000ff680000, 0x0000000100000000)
  eden space 112640K, 0% used [0x00000000f8000000,0x00000000f8000000,0x00000000fee00000)
  from space 4096K, 42% used [0x00000000fee00000,0x00000000fefb23d8,0x00000000ff200000)
  to   space 4096K, 0% used [0x00000000ff280000,0x00000000ff280000,0x00000000ff680000)
 ParOldGen       total 90112K, used 38727K [0x00000000e8000000, 0x00000000ed800000, 0x00000000f8000000)
  object space 90112K, 42% used [0x00000000e8000000,0x00000000ea5d1f08,0x00000000ed800000)
 Metaspace       used 98539K, capacity 104904K, committed 105176K, reserved 1142784K
  class space    used 10900K, capacity 12699K, committed 12760K, reserved 1048576K
Event: 5483.561 GC heap after
Heap after GC invocations=205 (full 92):
 PSYoungGen      total 116736K, used 0K [0x00000000f8000000, 0x00000000ff680000, 0x0000000100000000)
  eden space 112640K, 0% used [0x00000000f8000000,0x00000000f8000000,0x00000000fee00000)
  from space 4096K, 0% used [0x00000000fee00000,0x00000000fee00000,0x00000000ff200000)
  to   space 4096K, 0% used [0x00000000ff280000,0x00000000ff280000,0x00000000ff680000)
 ParOldGen       total 90112K, used 38758K [0x00000000e8000000, 0x00000000ed800000, 0x00000000f8000000)
  object space 90112K, 43% used [0x00000000e8000000,0x00000000ea5d9aa8,0x00000000ed800000)
 Metaspace       used 98539K, capacity 104904K, committed 105176K, reserved 1142784K
  class space    used 10900K, capacity 12699K, committed 12760K, reserved 1048576K
}
Event: 5543.441 GC heap before
{Heap before GC invocations=206 (full 92):
 PSYoungGen      total 116736K, used 6009K [0x00000000f8000000, 0x00000000ff680000, 0x0000000100000000)
  eden space 112640K, 5% used [0x00000000f8000000,0x00000000f85de628,0x00000000fee00000)
  from space 4096K, 0% used [0x00000000fee00000,0x00000000fee00000,0x00000000ff200000)
  to   space 4096K, 0% used [0x00000000ff280000,0x00000000ff280000,0x00000000ff680000)
 ParOldGen       total 90112K, used 38758K [0x00000000e8000000, 0x00000000ed800000, 0x00000000f8000000)
  object space 90112K, 43% used [0x00000000e8000000,0x00000000ea5d9aa8,0x00000000ed800000)
 Metaspace       used 98551K, capacity 104968K, committed 105176K, reserved 1142784K
  class space    used 10901K, capacity 12699K, committed 12760K, reserved 1048576K
Event: 5543.447 GC heap after
Heap after GC invocations=206 (full 92):
 PSYoungGen      total 117248K, used 320K [0x00000000f8000000, 0x00000000ff680000, 0x0000000100000000)
  eden space 113152K, 0% used [0x00000000f8000000,0x00000000f8000000,0x00000000fee80000)
  from space 4096K, 7% used [0x00000000ff280000,0x00000000ff2d0000,0x00000000ff680000)
  to   space 4096K, 0% used [0x00000000fee80000,0x00000000fee80000,0x00000000ff280000)
 ParOldGen       total 90112K, used 38758K [0x00000000e8000000, 0x00000000ed800000, 0x00000000f8000000)
  object space 90112K, 43% used [0x00000000e8000000,0x00000000ea5d9aa8,0x00000000ed800000)
 Metaspace       used 98551K, capacity 104968K, committed 105176K, reserved 1142784K
  class space    used 10901K, capacity 12699K, committed 12760K, reserved 1048576K
}
Event: 5543.447 GC heap before
{Heap before GC invocations=207 (full 93):
 PSYoungGen      total 117248K, used 320K [0x00000000f8000000, 0x00000000ff680000, 0x0000000100000000)
  eden space 113152K, 0% used [0x00000000f8000000,0x00000000f8000000,0x00000000fee80000)
  from space 4096K, 7% used [0x00000000ff280000,0x00000000ff2d0000,0x00000000ff680000)
  to   space 4096K, 0% used [0x00000000fee80000,0x00000000fee80000,0x00000000ff280000)
 ParOldGen       total 90112K, used 38758K [0x00000000e8000000, 0x00000000ed800000, 0x00000000f8000000)
  object space 90112K, 43% used [0x00000000e8000000,0x00000000ea5d9aa8,0x00000000ed800000)
 Metaspace       used 98551K, capacity 104968K, committed 105176K, reserved 1142784K
  class space    used 10901K, capacity 12699K, committed 12760K, reserved 1048576K
Event: 5543.579 GC heap after
Heap after GC invocations=207 (full 93):
 PSYoungGen      total 117248K, used 0K [0x00000000f8000000, 0x00000000ff680000, 0x0000000100000000)
  eden space 113152K, 0% used [0x00000000f8000000,0x00000000f8000000,0x00000000fee80000)
  from space 4096K, 0% used [0x00000000ff280000,0x00000000ff280000,0x00000000ff680000)
  to   space 4096K, 0% used [0x00000000fee80000,0x00000000fee80000,0x00000000ff280000)
 ParOldGen       total 90112K, used 38866K [0x00000000e8000000, 0x00000000ed800000, 0x00000000f8000000)
  object space 90112K, 43% used [0x00000000e8000000,0x00000000ea5f4930,0x00000000ed800000)
 Metaspace       used 98551K, capacity 104968K, committed 105176K, reserved 1142784K
  class space    used 10901K, capacity 12699K, committed 12760K, reserved 1048576K
}
Event: 5603.442 GC heap before
{Heap before GC invocations=208 (full 93):
 PSYoungGen      total 117248K, used 1374K [0x00000000f8000000, 0x00000000ff680000, 0x0000000100000000)
  eden space 113152K, 1% used [0x00000000f8000000,0x00000000f8157860,0x00000000fee80000)
  from space 4096K, 0% used [0x00000000ff280000,0x00000000ff280000,0x00000000ff680000)
  to   space 4096K, 0% used [0x00000000fee80000,0x00000000fee80000,0x00000000ff280000)
 ParOldGen       total 90112K, used 38866K [0x00000000e8000000, 0x00000000ed800000, 0x00000000f8000000)
  object space 90112K, 43% used [0x00000000e8000000,0x00000000ea5f4930,0x00000000ed800000)
 Metaspace       used 98551K, capacity 104968K, committed 105176K, reserved 1142784K
  class space    used 10901K, capacity 12699K, committed 12760K, reserved 1048576K
Event: 5603.447 GC heap after
Heap after GC invocations=208 (full 93):
 PSYoungGen      total 113664K, used 64K [0x00000000f8000000, 0x00000000ff580000, 0x0000000100000000)
  eden space 113152K, 0% used [0x00000000f8000000,0x00000000f8000000,0x00000000fee80000)
  from space 512K, 12% used [0x00000000fee80000,0x00000000fee90000,0x00000000fef00000)
  to   space 3584K, 0% used [0x00000000ff200000,0x00000000ff200000,0x00000000ff580000)
 ParOldGen       total 90112K, used 38866K [0x00000000e8000000, 0x00000000ed800000, 0x00000000f8000000)
  object space 90112K, 43% used [0x00000000e8000000,0x00000000ea5f4930,0x00000000ed800000)
 Metaspace       used 98551K, capacity 104968K, committed 105176K, reserved 1142784K
  class space    used 10901K, capacity 12699K, committed 12760K, reserved 1048576K
}
Event: 5603.447 GC heap before
{Heap before GC invocations=209 (full 94):
 PSYoungGen      total 113664K, used 64K [0x00000000f8000000, 0x00000000ff580000, 0x0000000100000000)
  eden space 113152K, 0% used [0x00000000f8000000,0x00000000f8000000,0x00000000fee80000)
  from space 512K, 12% used [0x00000000fee80000,0x00000000fee90000,0x00000000fef00000)
  to   space 3584K, 0% used [0x00000000ff200000,0x00000000ff200000,0x00000000ff580000)
 ParOldGen       total 90112K, used 38866K [0x00000000e8000000, 0x00000000ed800000, 0x00000000f8000000)
  object space 90112K, 43% used [0x00000000e8000000,0x00000000ea5f4930,0x00000000ed800000)
 Metaspace       used 98551K, capacity 104968K, committed 105176K, reserved 1142784K
  class space    used 10901K, capacity 12699K, committed 12760K, reserved 1048576K
Event: 5603.539 GC heap after
Heap after GC invocations=209 (full 94):
 PSYoungGen      total 113664K, used 0K [0x00000000f8000000, 0x00000000ff580000, 0x0000000100000000)
  eden space 113152K, 0% used [0x00000000f8000000,0x00000000f8000000,0x00000000fee80000)
  from space 512K, 0% used [0x00000000fee80000,0x00000000fee80000,0x00000000fef00000)
  to   space 3584K, 0% used [0x00000000ff200000,0x00000000ff200000,0x00000000ff580000)
 ParOldGen       total 90112K, used 38851K [0x00000000e8000000, 0x00000000ed800000, 0x00000000f8000000)
  object space 90112K, 43% used [0x00000000e8000000,0x00000000ea5f0d30,0x00000000ed800000)
 Metaspace       used 98551K, capacity 104968K, committed 105176K, reserved 1142784K
  class space    used 10901K, capacity 12699K, committed 12760K, reserved 1048576K
}

