# JRE version: OpenJDK Runtime Environment (8.0_111-b14) (build 1.8.0_111-8u111-b14-2ubuntu0.16.04.2-b14)
# Java VM: OpenJDK Server VM (25.111-b14 mixed mode linux-x86 )
Heap:
 PSYoungGen      total 78848K, used 57696K [0x99180000, 0x9e200000, 0xa3c00000)
  eden space 76288K, 75% used [0x99180000,0x9c9d83f0,0x9dc00000)
  from space 2560K, 0% used [0x9dc00000,0x9dc00000,0x9de80000)
  to   space 3072K, 0% used [0x9df00000,0x9df00000,0x9e200000)
 ParOldGen       total 78336K, used 65796K [0x83c00000, 0x88880000, 0x99180000)
  object space 78336K, 83% used [0x83c00000,0x87c41148,0x88880000)
 Metaspace       used 80879K, capacity 84414K, committed 84480K, reserved 85296K
GC Heap History (10 events):
Event: 129223.349 GC heap before
{Heap before GC invocations=4159 (full 2030):
 PSYoungGen      total 76800K, used 507K [0x99180000, 0x9e100000, 0xa3c00000)
  eden space 76288K, 0% used [0x99180000,0x99180000,0x9dc00000)
  from space 512K, 99% used [0x9dc00000,0x9dc7ed48,0x9dc80000)
  to   space 2560K, 0% used [0x9de80000,0x9de80000,0x9e100000)
 ParOldGen       total 78336K, used 66026K [0x83c00000, 0x88880000, 0x99180000)
  object space 78336K, 84% used [0x83c00000,0x87c7aa68,0x88880000)
 Metaspace       used 80863K, capacity 84414K, committed 84480K, reserved 85296K
Event: 129223.639 GC heap after
Heap after GC invocations=4159 (full 2030):
 PSYoungGen      total 76800K, used 0K [0x99180000, 0x9e100000, 0xa3c00000)
  eden space 76288K, 0% used [0x99180000,0x99180000,0x9dc00000)
  from space 512K, 0% used [0x9dc00000,0x9dc00000,0x9dc80000)
  to   space 2560K, 0% used [0x9de80000,0x9de80000,0x9e100000)
 ParOldGen       total 78336K, used 65970K [0x83c00000, 0x88880000, 0x99180000)
  object space 78336K, 84% used [0x83c00000,0x87c6cab0,0x88880000)
 Metaspace       used 80863K, capacity 84414K, committed 84480K, reserved 85296K
}
Event: 129283.347 GC heap before
{Heap before GC invocations=4160 (full 2030):
 PSYoungGen      total 76800K, used 52027K [0x99180000, 0x9e100000, 0xa3c00000)
  eden space 76288K, 68% used [0x99180000,0x9c44ecf8,0x9dc00000)
  from space 512K, 0% used [0x9dc00000,0x9dc00000,0x9dc80000)
  to   space 2560K, 0% used [0x9de80000,0x9de80000,0x9e100000)
 ParOldGen       total 78336K, used 65970K [0x83c00000, 0x88880000, 0x99180000)
  object space 78336K, 84% used [0x83c00000,0x87c6cab0,0x88880000)
 Metaspace       used 80866K, capacity 84414K, committed 84480K, reserved 85296K
Event: 129283.362 GC heap after
Heap after GC invocations=4160 (full 2030):
 PSYoungGen      total 78848K, used 1377K [0x99180000, 0x9e100000, 0xa3c00000)
  eden space 76288K, 0% used [0x99180000,0x99180000,0x9dc00000)
  from space 2560K, 53% used [0x9de80000,0x9dfd8500,0x9e100000)
  to   space 2560K, 0% used [0x9dc00000,0x9dc00000,0x9de80000)
 ParOldGen       total 78336K, used 65970K [0x83c00000, 0x88880000, 0x99180000)
  object space 78336K, 84% used [0x83c00000,0x87c6cab0,0x88880000)
 Metaspace       used 80866K, capacity 84414K, committed 84480K, reserved 85296K
}
Event: 129283.362 GC heap before
{Heap before GC invocations=4161 (full 2031):
 PSYoungGen      total 78848K, used 1377K [0x99180000, 0x9e100000, 0xa3c00000)
  eden space 76288K, 0% used [0x99180000,0x99180000,0x9dc00000)
  from space 2560K, 53% used [0x9de80000,0x9dfd8500,0x9e100000)
  to   space 2560K, 0% used [0x9dc00000,0x9dc00000,0x9de80000)
 ParOldGen       total 78336K, used 65970K [0x83c00000, 0x88880000, 0x99180000)
  object space 78336K, 84% used [0x83c00000,0x87c6cab0,0x88880000)
 Metaspace       used 80866K, capacity 84414K, committed 84480K, reserved 85296K
Event: 129283.662 GC heap after
Heap after GC invocations=4161 (full 2031):
 PSYoungGen      total 78848K, used 0K [0x99180000, 0x9e100000, 0xa3c00000)
  eden space 76288K, 0% used [0x99180000,0x99180000,0x9dc00000)
  from space 2560K, 0% used [0x9de80000,0x9de80000,0x9e100000)
  to   space 2560K, 0% used [0x9dc00000,0x9dc00000,0x9de80000)
 ParOldGen       total 78336K, used 66165K [0x83c00000, 0x88880000, 0x99180000)
  object space 78336K, 84% used [0x83c00000,0x87c9d4a8,0x88880000)
 Metaspace       used 80866K, capacity 84414K, committed 84480K, reserved 85296K
}
Event: 129343.344 GC heap before
{Heap before GC invocations=4162 (full 2031):
 PSYoungGen      total 78848K, used 64658K [0x99180000, 0x9e100000, 0xa3c00000)
  eden space 76288K, 84% used [0x99180000,0x9d0a49e0,0x9dc00000)
  from space 2560K, 0% used [0x9de80000,0x9de80000,0x9e100000)
  to   space 2560K, 0% used [0x9dc00000,0x9dc00000,0x9de80000)
 ParOldGen       total 78336K, used 66165K [0x83c00000, 0x88880000, 0x99180000)
  object space 78336K, 84% used [0x83c00000,0x87c9d4a8,0x88880000)
 Metaspace       used 80872K, capacity 84414K, committed 84480K, reserved 85296K
Event: 129343.350 GC heap after
Heap after GC invocations=4162 (full 2031):
 PSYoungGen      total 78848K, used 2100K [0x99180000, 0x9e200000, 0xa3c00000)
  eden space 76288K, 0% used [0x99180000,0x99180000,0x9dc00000)
  from space 2560K, 82% used [0x9dc00000,0x9de0d168,0x9de80000)
  to   space 3072K, 0% used [0x9df00000,0x9df00000,0x9e200000)
 ParOldGen       total 78336K, used 66165K [0x83c00000, 0x88880000, 0x99180000)
  object space 78336K, 84% used [0x83c00000,0x87c9d4a8,0x88880000)
 Metaspace       used 80872K, capacity 84414K, committed 84480K, reserved 85296K
}
Event: 129343.350 GC heap before
{Heap before GC invocations=4163 (full 2032):
 PSYoungGen      total 78848K, used 2100K [0x99180000, 0x9e200000, 0xa3c00000)
  eden space 76288K, 0% used [0x99180000,0x99180000,0x9dc00000)
  from space 2560K, 82% used [0x9dc00000,0x9de0d168,0x9de80000)
  to   space 3072K, 0% used [0x9df00000,0x9df00000,0x9e200000)
 ParOldGen       total 78336K, used 66165K [0x83c00000, 0x88880000, 0x99180000)
  object space 78336K, 84% used [0x83c00000,0x87c9d4a8,0x88880000)
 Metaspace       used 80872K, capacity 84414K, committed 84480K, reserved 85296K
Event: 129343.605 GC heap after
Heap after GC invocations=4163 (full 2032):
 PSYoungGen      total 78848K, used 0K [0x99180000, 0x9e200000, 0xa3c00000)
  eden space 76288K, 0% used [0x99180000,0x99180000,0x9dc00000)
  from space 2560K, 0% used [0x9dc00000,0x9dc00000,0x9de80000)
  to   space 3072K, 0% used [0x9df00000,0x9df00000,0x9e200000)
 ParOldGen       total 78336K, used 65796K [0x83c00000, 0x88880000, 0x99180000)
  object space 78336K, 83% used [0x83c00000,0x87c41148,0x88880000)
 Metaspace       used 80872K, capacity 84414K, committed 84480K, reserved 85296K
}

